[24-Feb-2015 11:35:51 UTC] 0::session.inc:401: include_once(./tmp/faillog.php): failed to open stream: No such file or directory
[24-Feb-2015 11:35:51 UTC] 0::session.inc:401: include_once(): Failed opening './tmp/faillog.php' for inclusion (include_path='.:/usr/share/php:/usr/share/pear')
[24-Feb-2015 11:35:54 UTC] 0::session.inc:401: include_once(./tmp/faillog.php): failed to open stream: No such file or directory
[24-Feb-2015 11:35:54 UTC] 0::session.inc:401: include_once(): Failed opening './tmp/faillog.php' for inclusion (include_path='.:/usr/share/php:/usr/share/pear')
[24-Feb-2015 12:05:43 UTC] 0:admin:company_preferences.php:79: move_uploaded_file(../company/0/images/ostrich_logo.png): failed to open stream: Permission denied
[24-Feb-2015 12:05:43 UTC] 0:admin:company_preferences.php:79: move_uploaded_file(): Unable to move '/tmp/phpOFiPZC' to '../company/0/images/ostrich_logo.png'
[24-Feb-2015 12:05:43 UTC] 0:admin:JsHttpRequest.php:470: mb_convert_encoding(): Illegal character encoding specified
[24-Feb-2015 12:05:43 UTC] 0:admin:JsHttpRequest.php:470: mb_convert_encoding(): Illegal character encoding specified
[24-Feb-2015 12:05:43 UTC] 0:admin:JsHttpRequest.php:470: mb_convert_encoding(): Illegal character encoding specified
[24-Feb-2015 12:05:43 UTC] 0:admin:JsHttpRequest.php:470: mb_convert_encoding(): Illegal character encoding specified
[24-Feb-2015 12:05:43 UTC] 0:admin:JsHttpRequest.php:470: mb_convert_encoding(): Illegal character encoding specified
[24-Feb-2015 12:05:43 UTC] 0:admin:JsHttpRequest.php:470: mb_convert_encoding(): Illegal character encoding specified
[24-Feb-2015 12:05:43 UTC] 0:admin:JsHttpRequest.php:470: mb_convert_encoding(): Illegal character encoding specified
[24-Feb-2015 12:05:43 UTC] 0:admin:JsHttpRequest.php:470: mb_convert_encoding(): Illegal character encoding specified
[24-Feb-2015 12:05:43 UTC] 0:admin:JsHttpRequest.php:470: mb_convert_encoding(): Illegal character encoding specified
[24-Feb-2015 12:05:43 UTC] 0:admin:JsHttpRequest.php:470: mb_convert_encoding(): Illegal character encoding specified
[24-Feb-2015 12:05:43 UTC] 0:admin:JsHttpRequest.php:470: mb_convert_encoding(): Illegal character encoding specified
[24-Feb-2015 12:05:47 UTC] 0:admin:JsHttpRequest.php:470: mb_convert_encoding(): Illegal character encoding specified
[24-Feb-2015 12:05:47 UTC] 0:admin:JsHttpRequest.php:470: mb_convert_encoding(): Illegal character encoding specified
[24-Feb-2015 12:05:47 UTC] 0:admin:JsHttpRequest.php:470: mb_convert_encoding(): Illegal character encoding specified
[24-Feb-2015 12:05:47 UTC] 0:admin:JsHttpRequest.php:470: mb_convert_encoding(): Illegal character encoding specified
[24-Feb-2015 12:05:47 UTC] 0:admin:JsHttpRequest.php:470: mb_convert_encoding(): Illegal character encoding specified
[24-Feb-2015 12:05:47 UTC] 0:admin:JsHttpRequest.php:470: mb_convert_encoding(): Illegal character encoding specified
[24-Feb-2015 12:05:47 UTC] 0:admin:JsHttpRequest.php:470: mb_convert_encoding(): Illegal character encoding specified
[24-Feb-2015 12:05:47 UTC] 0:admin:JsHttpRequest.php:470: mb_convert_encoding(): Illegal character encoding specified
[24-Feb-2015 12:05:47 UTC] 0:admin:JsHttpRequest.php:470: mb_convert_encoding(): Illegal character encoding specified
[24-Feb-2015 12:05:47 UTC] 0:admin:JsHttpRequest.php:470: mb_convert_encoding(): Illegal character encoding specified
[24-Feb-2015 12:05:47 UTC] 0:admin:JsHttpRequest.php:470: mb_convert_encoding(): Illegal character encoding specified
[24-Feb-2015 12:06:11 UTC] 0:admin:JsHttpRequest.php:470: mb_convert_encoding(): Illegal character encoding specified
[24-Feb-2015 12:06:11 UTC] 0:admin:JsHttpRequest.php:470: mb_convert_encoding(): Illegal character encoding specified
[24-Feb-2015 12:06:11 UTC] 0:admin:JsHttpRequest.php:470: mb_convert_encoding(): Illegal character encoding specified
[24-Feb-2015 12:06:11 UTC] 0:admin:JsHttpRequest.php:470: mb_convert_encoding(): Illegal character encoding specified
[24-Feb-2015 12:06:11 UTC] 0:admin:JsHttpRequest.php:470: mb_convert_encoding(): Illegal character encoding specified
[24-Feb-2015 12:06:11 UTC] 0:admin:JsHttpRequest.php:470: mb_convert_encoding(): Illegal character encoding specified
[24-Feb-2015 12:06:11 UTC] 0:admin:JsHttpRequest.php:470: mb_convert_encoding(): Illegal character encoding specified
[24-Feb-2015 12:06:11 UTC] 0:admin:JsHttpRequest.php:470: mb_convert_encoding(): Illegal character encoding specified
[24-Feb-2015 12:06:11 UTC] 0:admin:JsHttpRequest.php:470: mb_convert_encoding(): Illegal character encoding specified
[24-Feb-2015 12:06:11 UTC] 0:admin:JsHttpRequest.php:470: mb_convert_encoding(): Illegal character encoding specified
[24-Feb-2015 12:06:11 UTC] 0:admin:JsHttpRequest.php:470: mb_convert_encoding(): Illegal character encoding specified
[25-Feb-2015 09:55:16 UTC] 0:admin:current_user.inc:660: unlink(../company/0/js_cache/behaviour.js): Permission denied
[25-Feb-2015 09:55:16 UTC] 0:admin:current_user.inc:660: unlink(../company/0/js_cache/login.js): Permission denied
[25-Feb-2015 09:55:16 UTC] 0:admin:current_user.inc:660: unlink(../company/0/js_cache/JsHttpRequest.js): Permission denied
[25-Feb-2015 09:55:16 UTC] 0:admin:current_user.inc:660: unlink(../company/0/js_cache/utils.js): Permission denied
[25-Feb-2015 09:55:16 UTC] 0:admin:current_user.inc:660: unlink(../company/0/js_cache/inserts.js): Permission denied
[25-Feb-2015 09:55:18 UTC] 0:admin:current_user.inc:660: unlink(../company/0/js_cache/behaviour.js): Permission denied
[25-Feb-2015 09:55:18 UTC] 0:admin:current_user.inc:660: unlink(../company/0/js_cache/login.js): Permission denied
[25-Feb-2015 09:55:18 UTC] 0:admin:current_user.inc:660: unlink(../company/0/js_cache/JsHttpRequest.js): Permission denied
[25-Feb-2015 09:55:18 UTC] 0:admin:current_user.inc:660: unlink(../company/0/js_cache/utils.js): Permission denied
[25-Feb-2015 09:55:18 UTC] 0:admin:current_user.inc:660: unlink(../company/0/js_cache/inserts.js): Permission denied
[06-Mar-2015 11:05:26 UTC] 0:admin:main.inc:67: fopen(../../company/0/js_cache/date_picker.js): failed to open stream: Permission denied
[06-Mar-2015 11:05:26 UTC] 0:admin:main.inc:67: fopen(../../company/0/js_cache/date_picker.js): failed to open stream: Permission denied
[06-Mar-2015 11:05:38 UTC] 0:admin:main.inc:67: fopen(../../company/0/js_cache/date_picker.js): failed to open stream: Permission denied
[06-Mar-2015 11:05:56 UTC] 0:admin:main.inc:67: fopen(../../company/0/js_cache/date_picker.js): failed to open stream: Permission denied
[06-Mar-2015 11:05:56 UTC] 0:admin:main.inc:67: fopen(../../company/0/js_cache/date_picker.js): failed to open stream: Permission denied
[12-Mar-2015 07:37:42 UTC] 0:admin:main.inc:67: fopen(../company/0/js_cache/date_picker.js): failed to open stream: Permission denied
[12-Mar-2015 07:37:42 UTC] 0:admin:main.inc:67: fopen(../company/0/js_cache/date_picker.js): failed to open stream: Permission denied
[12-Mar-2015 07:37:53 UTC] 0:admin:main.inc:67: fopen(../../company/0/js_cache/date_picker.js): failed to open stream: Permission denied
[12-Mar-2015 07:37:53 UTC] 0:admin:main.inc:67: fopen(../../company/0/js_cache/date_picker.js): failed to open stream: Permission denied
[12-Mar-2015 07:37:55 UTC] 0:admin:main.inc:67: fopen(../../company/0/js_cache/date_picker.js): failed to open stream: Permission denied
[12-Mar-2015 07:37:59 UTC] 0:admin:main.inc:67: fopen(../../company/0/js_cache/date_picker.js): failed to open stream: Permission denied
[12-Mar-2015 07:38:00 UTC] 0:admin:main.inc:67: fopen(../../company/0/js_cache/date_picker.js): failed to open stream: Permission denied
[12-Mar-2015 07:38:54 UTC] 0:admin:main.inc:67: fopen(../../company/0/js_cache/date_picker.js): failed to open stream: Permission denied
[12-Mar-2015 07:38:57 UTC] 0:admin:main.inc:67: fopen(../company/0/js_cache/date_picker.js): failed to open stream: Permission denied
[12-Mar-2015 07:38:57 UTC] 0:admin:main.inc:67: fopen(../company/0/js_cache/date_picker.js): failed to open stream: Permission denied
[12-Mar-2015 07:40:08 UTC] 0:admin:main.inc:67: fopen(../company/0/js_cache/date_picker.js): failed to open stream: Permission denied
[12-Mar-2015 07:40:25 UTC] 0:admin:main.inc:67: fopen(../company/0/js_cache/date_picker.js): failed to open stream: Permission denied
[12-Mar-2015 07:41:04 UTC] 0:admin:main.inc:67: fopen(../company/0/js_cache/date_picker.js): failed to open stream: Permission denied
[12-Mar-2015 07:42:00 UTC] 0:admin:main.inc:67: fopen(../../company/0/js_cache/date_picker.js): failed to open stream: Permission denied
[12-Mar-2015 07:42:00 UTC] 0:admin:main.inc:67: fopen(../../company/0/js_cache/date_picker.js): failed to open stream: Permission denied
[12-Mar-2015 07:50:32 UTC] 0:admin:main.inc:67: fopen(../../company/0/js_cache/date_picker.js): failed to open stream: Permission denied
[12-Mar-2015 07:50:34 UTC] 0:admin:main.inc:67: fopen(../company/0/js_cache/date_picker.js): failed to open stream: Permission denied
[12-Mar-2015 07:50:34 UTC] 0:admin:main.inc:67: fopen(../company/0/js_cache/date_picker.js): failed to open stream: Permission denied
[12-Mar-2015 09:02:37 UTC] 0:admin:main.inc:67: fopen(../company/0/js_cache/date_picker.js): failed to open stream: Permission denied
